<?xml version="1.0" encoding="UTF-8"?>
<testng-results ignored="0" total="11" passed="10" failed="1" skipped="0">
  <reporter-output>
  </reporter-output>
  <suite started-at="2021-07-22T14:09:14 IST" name="Suite1" finished-at="2021-07-22T14:11:04 IST" duration-ms="110818">
    <groups>
      <group name="Hotels">
        <method signature="Testng_CalculateTripCost.GetHotelScreenShots()[pri:8, instance:Testng_CalculateTripCost@16a0ee18]" name="GetHotelScreenShots" class="Testng_CalculateTripCost"/>
        <method signature="Testng_CalculateTripCost.HotelDetails()[pri:7, instance:Testng_CalculateTripCost@16a0ee18]" name="HotelDetails" class="Testng_CalculateTripCost"/>
        <method signature="Testng_CalculateTripCost.LiftAccess()[pri:6, instance:Testng_CalculateTripCost@16a0ee18]" name="LiftAccess" class="Testng_CalculateTripCost"/>
        <method signature="Testng_CalculateTripCost.NoOfGuests()[pri:4, instance:Testng_CalculateTripCost@16a0ee18]" name="NoOfGuests" class="Testng_CalculateTripCost"/>
        <method signature="Testng_CalculateTripCost.RatingSort()[pri:5, instance:Testng_CalculateTripCost@16a0ee18]" name="RatingSort" class="Testng_CalculateTripCost"/>
        <method signature="Testng_CalculateTripCost.SearchDestination()[pri:1, instance:Testng_CalculateTripCost@16a0ee18]" name="SearchDestination" class="Testng_CalculateTripCost"/>
        <method signature="Testng_CalculateTripCost.ClickHolidayHomesButton()[pri:2, instance:Testng_CalculateTripCost@16a0ee18]" name="ClickHolidayHomesButton" class="Testng_CalculateTripCost"/>
        <method signature="Testng_CalculateTripCost.SetUrl()[pri:0, instance:Testng_CalculateTripCost@16a0ee18]" name="SetUrl" class="Testng_CalculateTripCost"/>
        <method signature="Testng_CalculateTripCost.SetDate()[pri:3, instance:Testng_CalculateTripCost@16a0ee18]" name="SetDate" class="Testng_CalculateTripCost"/>
      </group> <!-- Hotels -->
      <group name="Cruises">
        <method signature="Testng_CalculateTripCost.SetCruises()[pri:9, instance:Testng_CalculateTripCost@16a0ee18]" name="SetCruises" class="Testng_CalculateTripCost"/>
        <method signature="Testng_CalculateTripCost.GetCruiseDetails()[pri:10, instance:Testng_CalculateTripCost@16a0ee18]" name="GetCruiseDetails" class="Testng_CalculateTripCost"/>
      </group> <!-- Cruises -->
    </groups>
    <test started-at="2021-07-22T14:09:14 IST" name="Test1" finished-at="2021-07-22T14:11:04 IST" duration-ms="110818">
      <class name="Testng_CalculateTripCost">
        <test-method is-config="true" signature="SetDrivers()[pri:0, instance:Testng_CalculateTripCost@16a0ee18]" started-at="2021-07-22T14:09:06 IST" name="SetDrivers" finished-at="2021-07-22T14:09:14 IST" duration-ms="7443" status="PASS">
          <reporter-output>
          </reporter-output>
        </test-method> <!-- SetDrivers -->
        <test-method signature="SetUrl()[pri:0, instance:Testng_CalculateTripCost@16a0ee18]" started-at="2021-07-22T14:09:14 IST" name="SetUrl" finished-at="2021-07-22T14:09:21 IST" duration-ms="7034" status="PASS">
          <reporter-output>
          </reporter-output>
        </test-method> <!-- SetUrl -->
        <test-method signature="SearchDestination()[pri:1, instance:Testng_CalculateTripCost@16a0ee18]" started-at="2021-07-22T14:09:21 IST" name="SearchDestination" finished-at="2021-07-22T14:09:31 IST" duration-ms="10407" status="PASS">
          <reporter-output>
          </reporter-output>
        </test-method> <!-- SearchDestination -->
        <test-method signature="ClickHolidayHomesButton()[pri:2, instance:Testng_CalculateTripCost@16a0ee18]" started-at="2021-07-22T14:09:31 IST" name="ClickHolidayHomesButton" finished-at="2021-07-22T14:09:38 IST" depends-on-methods="Testng_CalculateTripCost.SearchDestination" duration-ms="6496" status="PASS">
          <reporter-output>
          </reporter-output>
        </test-method> <!-- ClickHolidayHomesButton -->
        <test-method signature="SetDate()[pri:3, instance:Testng_CalculateTripCost@16a0ee18]" started-at="2021-07-22T14:09:38 IST" name="SetDate" finished-at="2021-07-22T14:09:42 IST" duration-ms="3979" status="PASS">
          <reporter-output>
          </reporter-output>
        </test-method> <!-- SetDate -->
        <test-method signature="NoOfGuests()[pri:4, instance:Testng_CalculateTripCost@16a0ee18]" started-at="2021-07-22T14:09:42 IST" name="NoOfGuests" finished-at="2021-07-22T14:09:44 IST" duration-ms="2791" status="PASS">
          <reporter-output>
          </reporter-output>
        </test-method> <!-- NoOfGuests -->
        <test-method signature="RatingSort()[pri:5, instance:Testng_CalculateTripCost@16a0ee18]" started-at="2021-07-22T14:09:44 IST" name="RatingSort" finished-at="2021-07-22T14:09:52 IST" duration-ms="7208" status="PASS">
          <reporter-output>
          </reporter-output>
        </test-method> <!-- RatingSort -->
        <test-method signature="LiftAccess()[pri:6, instance:Testng_CalculateTripCost@16a0ee18]" started-at="2021-07-22T14:09:52 IST" name="LiftAccess" finished-at="2021-07-22T14:09:55 IST" duration-ms="3120" status="PASS">
          <reporter-output>
          </reporter-output>
        </test-method> <!-- LiftAccess -->
        <test-method signature="HotelDetails()[pri:7, instance:Testng_CalculateTripCost@16a0ee18]" started-at="2021-07-22T14:09:55 IST" name="HotelDetails" finished-at="2021-07-22T14:09:57 IST" duration-ms="1954" status="PASS">
          <reporter-output>
          </reporter-output>
        </test-method> <!-- HotelDetails -->
        <test-method signature="GetHotelScreenShots()[pri:8, instance:Testng_CalculateTripCost@16a0ee18]" started-at="2021-07-22T14:09:57 IST" name="GetHotelScreenShots" finished-at="2021-07-22T14:10:23 IST" duration-ms="26017" status="PASS">
          <reporter-output>
          </reporter-output>
        </test-method> <!-- GetHotelScreenShots -->
        <test-method signature="SetCruises()[pri:9, instance:Testng_CalculateTripCost@16a0ee18]" started-at="2021-07-22T14:10:23 IST" name="SetCruises" finished-at="2021-07-22T14:10:32 IST" duration-ms="8943" status="PASS">
          <reporter-output>
          </reporter-output>
        </test-method> <!-- SetCruises -->
        <test-method signature="GetCruiseDetails()[pri:10, instance:Testng_CalculateTripCost@16a0ee18]" started-at="2021-07-22T14:10:32 IST" name="GetCruiseDetails" finished-at="2021-07-22T14:11:04 IST" depends-on-methods="Testng_CalculateTripCost.SetCruises" duration-ms="32698" status="FAIL">
          <exception class="org.openqa.selenium.NoSuchElementException">
            <message>
              <![CDATA[no such element: Unable to locate element: {"method":"xpath","selector":"/html[1]/body[1]/div[3]/div[1]/div[2]/div[1]/footer[1]/div[1]/div[1]/div[1]/div[2]/div[1]/ul[1]/li[1]/a[1]"}
  (Session info: chrome=91.0.4472.164)
For documentation on this error, please visit: https://www.seleniumhq.org/exceptions/no_such_element.html
Build info: version: '3.141.59', revision: 'e82be7d358', time: '2018-11-14T08:17:03'
System info: host: 'BT1703184', ip: '192.168.0.104', os.name: 'Windows 10', os.arch: 'amd64', os.version: '10.0', java.version: '11.0.11'
Driver info: org.openqa.selenium.chrome.ChromeDriver
Capabilities {acceptInsecureCerts: false, browserName: chrome, browserVersion: 91.0.4472.164, chrome: {chromedriverVersion: 91.0.4472.101 (af52a90bf870..., userDataDir: C:\Users\KIIT\AppData\Local...}, goog:chromeOptions: {debuggerAddress: localhost:63727}, javascriptEnabled: true, networkConnectionEnabled: false, pageLoadStrategy: normal, platform: WINDOWS, platformName: WINDOWS, proxy: Proxy(), setWindowRect: true, strictFileInteractability: false, timeouts: {implicit: 0, pageLoad: 300000, script: 30000}, unhandledPromptBehavior: dismiss and notify, webauthn:extension:largeBlob: true, webauthn:virtualAuthenticators: true}
Session ID: d422527ecb5916adbf0d75c7d9452709
*** Element info: {Using=xpath, value=/html[1]/body[1]/div[3]/div[1]/div[2]/div[1]/footer[1]/div[1]/div[1]/div[1]/div[2]/div[1]/ul[1]/li[1]/a[1]}]]>
            </message>
            <full-stacktrace>
              <![CDATA[org.openqa.selenium.NoSuchElementException: no such element: Unable to locate element: {"method":"xpath","selector":"/html[1]/body[1]/div[3]/div[1]/div[2]/div[1]/footer[1]/div[1]/div[1]/div[1]/div[2]/div[1]/ul[1]/li[1]/a[1]"}
  (Session info: chrome=91.0.4472.164)
For documentation on this error, please visit: https://www.seleniumhq.org/exceptions/no_such_element.html
Build info: version: '3.141.59', revision: 'e82be7d358', time: '2018-11-14T08:17:03'
System info: host: 'BT1703184', ip: '192.168.0.104', os.name: 'Windows 10', os.arch: 'amd64', os.version: '10.0', java.version: '11.0.11'
Driver info: org.openqa.selenium.chrome.ChromeDriver
Capabilities {acceptInsecureCerts: false, browserName: chrome, browserVersion: 91.0.4472.164, chrome: {chromedriverVersion: 91.0.4472.101 (af52a90bf870..., userDataDir: C:\Users\KIIT\AppData\Local...}, goog:chromeOptions: {debuggerAddress: localhost:63727}, javascriptEnabled: true, networkConnectionEnabled: false, pageLoadStrategy: normal, platform: WINDOWS, platformName: WINDOWS, proxy: Proxy(), setWindowRect: true, strictFileInteractability: false, timeouts: {implicit: 0, pageLoad: 300000, script: 30000}, unhandledPromptBehavior: dismiss and notify, webauthn:extension:largeBlob: true, webauthn:virtualAuthenticators: true}
Session ID: d422527ecb5916adbf0d75c7d9452709
*** Element info: {Using=xpath, value=/html[1]/body[1]/div[3]/div[1]/div[2]/div[1]/footer[1]/div[1]/div[1]/div[1]/div[2]/div[1]/ul[1]/li[1]/a[1]}
at java.base/jdk.internal.reflect.NativeConstructorAccessorImpl.newInstance0(Native Method)
at java.base/jdk.internal.reflect.NativeConstructorAccessorImpl.newInstance(NativeConstructorAccessorImpl.java:62)
at java.base/jdk.internal.reflect.DelegatingConstructorAccessorImpl.newInstance(DelegatingConstructorAccessorImpl.java:45)
at java.base/java.lang.reflect.Constructor.newInstance(Constructor.java:490)
at org.openqa.selenium.remote.http.W3CHttpResponseCodec.createException(W3CHttpResponseCodec.java:187)
at org.openqa.selenium.remote.http.W3CHttpResponseCodec.decode(W3CHttpResponseCodec.java:122)
at org.openqa.selenium.remote.http.W3CHttpResponseCodec.decode(W3CHttpResponseCodec.java:49)
at org.openqa.selenium.remote.HttpCommandExecutor.execute(HttpCommandExecutor.java:158)
at org.openqa.selenium.remote.service.DriverCommandExecutor.execute(DriverCommandExecutor.java:83)
at org.openqa.selenium.remote.RemoteWebDriver.execute(RemoteWebDriver.java:552)
at org.openqa.selenium.remote.RemoteWebDriver.findElement(RemoteWebDriver.java:323)
at org.openqa.selenium.remote.RemoteWebDriver.findElementByXPath(RemoteWebDriver.java:428)
at org.openqa.selenium.By$ByXPath.findElement(By.java:353)
at org.openqa.selenium.remote.RemoteWebDriver.findElement(RemoteWebDriver.java:315)
at Cruise.Languages.Languages(Languages.java:52)
at Testng_CalculateTripCost.GetCruiseDetails(Testng_CalculateTripCost.java:483)
at java.base/jdk.internal.reflect.NativeMethodAccessorImpl.invoke0(Native Method)
at java.base/jdk.internal.reflect.NativeMethodAccessorImpl.invoke(NativeMethodAccessorImpl.java:62)
at java.base/jdk.internal.reflect.DelegatingMethodAccessorImpl.invoke(DelegatingMethodAccessorImpl.java:43)
at java.base/java.lang.reflect.Method.invoke(Method.java:566)
at org.testng.internal.MethodInvocationHelper.invokeMethod(MethodInvocationHelper.java:132)
at org.testng.internal.TestInvoker.invokeMethod(TestInvoker.java:599)
at org.testng.internal.TestInvoker.invokeTestMethod(TestInvoker.java:174)
at org.testng.internal.MethodRunner.runInSequence(MethodRunner.java:46)
at org.testng.internal.TestInvoker$MethodInvocationAgent.invoke(TestInvoker.java:822)
at org.testng.internal.TestInvoker.invokeTestMethods(TestInvoker.java:147)
at org.testng.internal.TestMethodWorker.invokeTestMethods(TestMethodWorker.java:146)
at org.testng.internal.TestMethodWorker.run(TestMethodWorker.java:128)
at java.base/java.util.ArrayList.forEach(ArrayList.java:1541)
at org.testng.TestRunner.privateRun(TestRunner.java:764)
at org.testng.TestRunner.run(TestRunner.java:585)
at org.testng.SuiteRunner.runTest(SuiteRunner.java:384)
at org.testng.SuiteRunner.runSequentially(SuiteRunner.java:378)
at org.testng.SuiteRunner.privateRun(SuiteRunner.java:337)
at org.testng.SuiteRunner.run(SuiteRunner.java:286)
at org.testng.SuiteRunnerWorker.runSuite(SuiteRunnerWorker.java:53)
at org.testng.SuiteRunnerWorker.run(SuiteRunnerWorker.java:96)
at org.testng.TestNG.runSuitesSequentially(TestNG.java:1218)
at org.testng.TestNG.runSuitesLocally(TestNG.java:1140)
at org.testng.TestNG.runSuites(TestNG.java:1069)
at org.testng.TestNG.run(TestNG.java:1037)
at org.testng.remote.AbstractRemoteTestNG.run(AbstractRemoteTestNG.java:115)
at org.testng.remote.RemoteTestNG.initAndRun(RemoteTestNG.java:251)
at org.testng.remote.RemoteTestNG.main(RemoteTestNG.java:77)
]]>
            </full-stacktrace>
          </exception> <!-- org.openqa.selenium.NoSuchElementException -->
          <reporter-output>
          </reporter-output>
        </test-method> <!-- GetCruiseDetails -->
        <test-method is-config="true" signature="CloseBrowser()[pri:0, instance:Testng_CalculateTripCost@16a0ee18]" started-at="2021-07-22T14:11:04 IST" name="CloseBrowser" finished-at="2021-07-22T14:11:06 IST" duration-ms="1484" status="PASS">
          <reporter-output>
          </reporter-output>
        </test-method> <!-- CloseBrowser -->
      </class> <!-- Testng_CalculateTripCost -->
    </test> <!-- Test1 -->
  </suite> <!-- Suite1 -->
</testng-results>
